# JRE version: OpenJDK Runtime Environment Microsoft-8035246 (17.0.8+7) (build 17.0.8+7-LTS)
# Java VM: OpenJDK 64-Bit Server VM Microsoft-8035246 (17.0.8+7-LTS, mixed mode, sharing, tiered, compressed oops, compressed class ptrs, g1 gc, windows-amd64)
GC Precious Log:
 CPUs: 16 total, 16 available
 Memory: 15182M
 Large Page Support: Disabled
 NUMA Support: Disabled
 Compressed Oops: Enabled (32-bit)
 Heap Region Size: 1M
 Heap Min Capacity: 8M
 Heap Initial Capacity: 238M
 Heap Max Capacity: 2G
 Pre-touch: Disabled
 Parallel Workers: 13
 Concurrent Workers: 3
 Concurrent Refinement Workers: 13
 Periodic GC: Disabled
Heap:
 garbage-first heap   total 225280K, used 195202K [0x0000000080000000, 0x0000000100000000)
  region size 1024K, 26 young (26624K), 3 survivors (3072K)
 Metaspace       used 99297K, committed 100288K, reserved 557056K
  class space    used 13942K, committed 14400K, reserved 425984K
GC Heap History (20 events):
Event: 42.322 GC heap before
{Heap before GC invocations=54 (full 0):
 garbage-first heap   total 225280K, used 173199K [0x0000000080000000, 0x0000000100000000)
  region size 1024K, 81 young (82944K), 6 survivors (6144K)
 Metaspace       used 86548K, committed 87296K, reserved 557056K
  class space    used 12134K, committed 12480K, reserved 425984K
}
Event: 42.333 GC heap after
{Heap after GC invocations=55 (full 0):
 garbage-first heap   total 225280K, used 109297K [0x0000000080000000, 0x0000000100000000)
  region size 1024K, 11 young (11264K), 11 survivors (11264K)
 Metaspace       used 86548K, committed 87296K, reserved 557056K
  class space    used 12134K, committed 12480K, reserved 425984K
}
Event: 44.600 GC heap before
{Heap before GC invocations=55 (full 0):
 garbage-first heap   total 225280K, used 175857K [0x0000000080000000, 0x0000000100000000)
  region size 1024K, 74 young (75776K), 11 survivors (11264K)
 Metaspace       used 88241K, committed 89088K, reserved 557056K
  class space    used 12413K, committed 12800K, reserved 425984K
}
Event: 44.610 GC heap after
{Heap after GC invocations=56 (full 0):
 garbage-first heap   total 225280K, used 123357K [0x0000000080000000, 0x0000000100000000)
  region size 1024K, 10 young (10240K), 10 survivors (10240K)
 Metaspace       used 88241K, committed 89088K, reserved 557056K
  class space    used 12413K, committed 12800K, reserved 425984K
}
Event: 46.256 GC heap before
{Heap before GC invocations=56 (full 0):
 garbage-first heap   total 225280K, used 175581K [0x0000000080000000, 0x0000000100000000)
  region size 1024K, 61 young (62464K), 10 survivors (10240K)
 Metaspace       used 89275K, committed 90240K, reserved 557056K
  class space    used 12534K, committed 12992K, reserved 425984K
}
Event: 46.265 GC heap after
{Heap after GC invocations=57 (full 0):
 garbage-first heap   total 225280K, used 134727K [0x0000000080000000, 0x0000000100000000)
  region size 1024K, 8 young (8192K), 8 survivors (8192K)
 Metaspace       used 89275K, committed 90240K, reserved 557056K
  class space    used 12534K, committed 12992K, reserved 425984K
}
Event: 46.846 GC heap before
{Heap before GC invocations=57 (full 0):
 garbage-first heap   total 225280K, used 177735K [0x0000000080000000, 0x0000000100000000)
  region size 1024K, 50 young (51200K), 8 survivors (8192K)
 Metaspace       used 92570K, committed 93504K, reserved 557056K
  class space    used 13043K, committed 13504K, reserved 425984K
}
Event: 46.852 GC heap after
{Heap after GC invocations=58 (full 0):
 garbage-first heap   total 225280K, used 137909K [0x0000000080000000, 0x0000000100000000)
  region size 1024K, 3 young (3072K), 3 survivors (3072K)
 Metaspace       used 92570K, committed 93504K, reserved 557056K
  class space    used 13043K, committed 13504K, reserved 425984K
}
Event: 47.929 GC heap before
{Heap before GC invocations=58 (full 0):
 garbage-first heap   total 225280K, used 180917K [0x0000000080000000, 0x0000000100000000)
  region size 1024K, 45 young (46080K), 3 survivors (3072K)
 Metaspace       used 95683K, committed 96640K, reserved 557056K
  class space    used 13417K, committed 13888K, reserved 425984K
}
Event: 47.934 GC heap after
{Heap after GC invocations=59 (full 0):
 garbage-first heap   total 225280K, used 140997K [0x0000000080000000, 0x0000000100000000)
  region size 1024K, 6 young (6144K), 6 survivors (6144K)
 Metaspace       used 95683K, committed 96640K, reserved 557056K
  class space    used 13417K, committed 13888K, reserved 425984K
}
Event: 48.534 GC heap before
{Heap before GC invocations=59 (full 0):
 garbage-first heap   total 225280K, used 182981K [0x0000000080000000, 0x0000000100000000)
  region size 1024K, 47 young (48128K), 6 survivors (6144K)
 Metaspace       used 96870K, committed 97856K, reserved 557056K
  class space    used 13551K, committed 14016K, reserved 425984K
}
Event: 48.540 GC heap after
{Heap after GC invocations=60 (full 0):
 garbage-first heap   total 225280K, used 145287K [0x0000000080000000, 0x0000000100000000)
  region size 1024K, 5 young (5120K), 5 survivors (5120K)
 Metaspace       used 96870K, committed 97856K, reserved 557056K
  class space    used 13551K, committed 14016K, reserved 425984K
}
Event: 48.962 GC heap before
{Heap before GC invocations=60 (full 0):
 garbage-first heap   total 225280K, used 186247K [0x0000000080000000, 0x0000000100000000)
  region size 1024K, 45 young (46080K), 5 survivors (5120K)
 Metaspace       used 97378K, committed 98240K, reserved 557056K
  class space    used 13600K, committed 14016K, reserved 425984K
}
Event: 48.967 GC heap after
{Heap after GC invocations=61 (full 0):
 garbage-first heap   total 225280K, used 150221K [0x0000000080000000, 0x0000000100000000)
  region size 1024K, 5 young (5120K), 5 survivors (5120K)
 Metaspace       used 97378K, committed 98240K, reserved 557056K
  class space    used 13600K, committed 14016K, reserved 425984K
}
Event: 49.415 GC heap before
{Heap before GC invocations=61 (full 0):
 garbage-first heap   total 225280K, used 186061K [0x0000000080000000, 0x0000000100000000)
  region size 1024K, 41 young (41984K), 5 survivors (5120K)
 Metaspace       used 98528K, committed 99456K, reserved 557056K
  class space    used 13867K, committed 14336K, reserved 425984K
}
Event: 49.419 GC heap after
{Heap after GC invocations=62 (full 0):
 garbage-first heap   total 225280K, used 152526K [0x0000000080000000, 0x0000000100000000)
  region size 1024K, 3 young (3072K), 3 survivors (3072K)
 Metaspace       used 98528K, committed 99456K, reserved 557056K
  class space    used 13867K, committed 14336K, reserved 425984K
}
Event: 49.841 GC heap before
{Heap before GC invocations=62 (full 0):
 garbage-first heap   total 225280K, used 188366K [0x0000000080000000, 0x0000000100000000)
  region size 1024K, 38 young (38912K), 3 survivors (3072K)
 Metaspace       used 98891K, committed 99904K, reserved 557056K
  class space    used 13914K, committed 14400K, reserved 425984K
}
Event: 49.845 GC heap after
{Heap after GC invocations=63 (full 0):
 garbage-first heap   total 225280K, used 156391K [0x0000000080000000, 0x0000000100000000)
  region size 1024K, 5 young (5120K), 5 survivors (5120K)
 Metaspace       used 98891K, committed 99904K, reserved 557056K
  class space    used 13914K, committed 14400K, reserved 425984K
}
Event: 50.000 GC heap before
{Heap before GC invocations=63 (full 0):
 garbage-first heap   total 225280K, used 189159K [0x0000000080000000, 0x0000000100000000)
  region size 1024K, 38 young (38912K), 5 survivors (5120K)
 Metaspace       used 99008K, committed 100032K, reserved 557056K
  class space    used 13914K, committed 14400K, reserved 425984K
}
Event: 50.005 GC heap after
{Heap after GC invocations=64 (full 0):
 garbage-first heap   total 225280K, used 159207K [0x0000000080000000, 0x0000000100000000)
  region size 1024K, 3 young (3072K), 3 survivors (3072K)
 Metaspace       used 99008K, committed 100032K, reserved 557056K
  class space    used 13914K, committed 14400K, reserved 425984K
}

